# JRE version: Java(TM) SE Runtime Environment (8.0_102-b14) (build 1.8.0_102-b14)
# Java VM: Java HotSpot(TM) 64-Bit Server VM (25.102-b14 mixed mode windows-amd64 compressed oops)
Heap:
 PSYoungGen      total 262656K, used 194177K [0x00000000eab00000, 0x0000000100000000, 0x0000000100000000)
  eden space 186880K, 100% used [0x00000000eab00000,0x00000000f6180000,0x00000000f6180000)
  from space 75776K, 9% used [0x00000000f6180000,0x00000000f68a0410,0x00000000fab80000)
  to   space 81408K, 57% used [0x00000000fb080000,0x00000000fde82180,0x0000000100000000)
 ParOldGen       total 657920K, used 449780K [0x00000000c0000000, 0x00000000e8280000, 0x00000000eab00000)
  object space 657920K, 68% used [0x00000000c0000000,0x00000000db73d000,0x00000000e8280000)
 Metaspace       used 28582K, capacity 29456K, committed 29952K, reserved 1075200K
  class space    used 3217K, capacity 3566K, committed 3840K, reserved 1048576K
GC Heap History (10 events):
Event: 805.864 GC heap before
{Heap before GC invocations=45 (full 5):
 PSYoungGen      total 253440K, used 208162K [0x00000000eab00000, 0x0000000100000000, 0x0000000100000000)
  eden space 168960K, 100% used [0x00000000eab00000,0x00000000f5000000,0x00000000f5000000)
  from space 84480K, 46% used [0x00000000f5000000,0x00000000f76488a0,0x00000000fa280000)
  to   space 83968K, 0% used [0x00000000fae00000,0x00000000fae00000,0x0000000100000000)
 ParOldGen       total 443392K, used 267461K [0x00000000c0000000, 0x00000000db100000, 0x00000000eab00000)
  object space 443392K, 60% used [0x00000000c0000000,0x00000000d05315d8,0x00000000db100000)
 Metaspace       used 27817K, capacity 28852K, committed 29056K, reserved 1075200K
  class space    used 3253K, capacity 3656K, committed 3712K, reserved 1048576K
Event: 805.985 GC heap after
Heap after GC invocations=45 (full 5):
 PSYoungGen      total 263168K, used 38720K [0x00000000eab00000, 0x00000000ffe80000, 0x0000000100000000)
  eden space 180736K, 0% used [0x00000000eab00000,0x00000000eab00000,0x00000000f5b80000)
  from space 82432K, 46% used [0x00000000fae00000,0x00000000fd3d0000,0x00000000ffe80000)
  to   space 83456K, 0% used [0x00000000f5b80000,0x00000000f5b80000,0x00000000fad00000)
 ParOldGen       total 443392K, used 306757K [0x00000000c0000000, 0x00000000db100000, 0x00000000eab00000)
  object space 443392K, 69% used [0x00000000c0000000,0x00000000d2b91478,0x00000000db100000)
 Metaspace       used 27817K, capacity 28852K, committed 29056K, reserved 1075200K
  class space    used 3253K, capacity 3656K, committed 3712K, reserved 1048576K
}
Event: 806.441 GC heap before
{Heap before GC invocations=46 (full 5):
 PSYoungGen      total 263168K, used 219456K [0x00000000eab00000, 0x00000000ffe80000, 0x0000000100000000)
  eden space 180736K, 100% used [0x00000000eab00000,0x00000000f5b80000,0x00000000f5b80000)
  from space 82432K, 46% used [0x00000000fae00000,0x00000000fd3d0000,0x00000000ffe80000)
  to   space 83456K, 0% used [0x00000000f5b80000,0x00000000f5b80000,0x00000000fad00000)
 ParOldGen       total 443392K, used 306757K [0x00000000c0000000, 0x00000000db100000, 0x00000000eab00000)
  object space 443392K, 69% used [0x00000000c0000000,0x00000000d2b91478,0x00000000db100000)
 Metaspace       used 27820K, capacity 28852K, committed 29056K, reserved 1075200K
  class space    used 3253K, capacity 3656K, committed 3712K, reserved 1048576K
Event: 806.534 GC heap after
Heap after GC invocations=46 (full 5):
 PSYoungGen      total 212992K, used 32211K [0x00000000eab00000, 0x00000000ff900000, 0x0000000100000000)
  eden space 180736K, 0% used [0x00000000eab00000,0x00000000eab00000,0x00000000f5b80000)
  from space 32256K, 99% used [0x00000000f5b80000,0x00000000f7af4f80,0x00000000f7b00000)
  to   space 79360K, 0% used [0x00000000fab80000,0x00000000fab80000,0x00000000ff900000)
 ParOldGen       total 443392K, used 345554K [0x00000000c0000000, 0x00000000db100000, 0x00000000eab00000)
  object space 443392K, 77% used [0x00000000c0000000,0x00000000d5174af0,0x00000000db100000)
 Metaspace       used 27820K, capacity 28852K, committed 29056K, reserved 1075200K
  class space    used 3253K, capacity 3656K, committed 3712K, reserved 1048576K
}
Event: 807.337 GC heap before
{Heap before GC invocations=47 (full 5):
 PSYoungGen      total 212992K, used 212947K [0x00000000eab00000, 0x00000000ff900000, 0x0000000100000000)
  eden space 180736K, 100% used [0x00000000eab00000,0x00000000f5b80000,0x00000000f5b80000)
  from space 32256K, 99% used [0x00000000f5b80000,0x00000000f7af4f80,0x00000000f7b00000)
  to   space 79360K, 0% used [0x00000000fab80000,0x00000000fab80000,0x00000000ff900000)
 ParOldGen       total 443392K, used 345554K [0x00000000c0000000, 0x00000000db100000, 0x00000000eab00000)
  object space 443392K, 77% used [0x00000000c0000000,0x00000000d5174af0,0x00000000db100000)
 Metaspace       used 27899K, capacity 28852K, committed 29056K, reserved 1075200K
  class space    used 3258K, capacity 3656K, committed 3712K, reserved 1048576K
Event: 807.431 GC heap after
Heap after GC invocations=47 (full 5):
 PSYoungGen      total 266240K, used 20308K [0x00000000eab00000, 0x0000000100000000, 0x0000000100000000)
  eden space 186880K, 0% used [0x00000000eab00000,0x00000000eab00000,0x00000000f6180000)
  from space 79360K, 25% used [0x00000000fab80000,0x00000000fbf55320,0x00000000ff900000)
  to   space 75776K, 0% used [0x00000000f6180000,0x00000000f6180000,0x00000000fab80000)
 ParOldGen       total 443392K, used 377826K [0x00000000c0000000, 0x00000000db100000, 0x00000000eab00000)
  object space 443392K, 85% used [0x00000000c0000000,0x00000000d70f8af0,0x00000000db100000)
 Metaspace       used 27899K, capacity 28852K, committed 29056K, reserved 1075200K
  class space    used 3258K, capacity 3656K, committed 3712K, reserved 1048576K
}
Event: 808.330 GC heap before
{Heap before GC invocations=48 (full 5):
 PSYoungGen      total 266240K, used 204816K [0x00000000eab00000, 0x0000000100000000, 0x0000000100000000)
  eden space 186880K, 98% used [0x00000000eab00000,0x00000000f5f2efd8,0x00000000f6180000)
  from space 79360K, 25% used [0x00000000fab80000,0x00000000fbf55320,0x00000000ff900000)
  to   space 75776K, 0% used [0x00000000f6180000,0x00000000f6180000,0x00000000fab80000)
 ParOldGen       total 443392K, used 377826K [0x00000000c0000000, 0x00000000db100000, 0x00000000eab00000)
  object space 443392K, 85% used [0x00000000c0000000,0x00000000d70f8af0,0x00000000db100000)
 Metaspace       used 28728K, capacity 29772K, committed 29952K, reserved 1075200K
  class space    used 3302K, capacity 3728K, committed 3840K, reserved 1048576K
Event: 808.453 GC heap after
Heap after GC invocations=48 (full 5):
 PSYoungGen      total 262656K, used 55528K [0x00000000eab00000, 0x0000000100000000, 0x0000000100000000)
  eden space 186880K, 0% used [0x00000000eab00000,0x00000000eab00000,0x00000000f6180000)
  from space 75776K, 73% used [0x00000000f6180000,0x00000000f97ba068,0x00000000fab80000)
  to   space 81408K, 0% used [0x00000000fb080000,0x00000000fb080000,0x0000000100000000)
 ParOldGen       total 443392K, used 397227K [0x00000000c0000000, 0x00000000db100000, 0x00000000eab00000)
  object space 443392K, 89% used [0x00000000c0000000,0x00000000d83ead10,0x00000000db100000)
 Metaspace       used 28728K, capacity 29772K, committed 29952K, reserved 1075200K
  class space    used 3302K, capacity 3728K, committed 3840K, reserved 1048576K
}
Event: 808.453 GC heap before
{Heap before GC invocations=49 (full 6):
 PSYoungGen      total 262656K, used 55528K [0x00000000eab00000, 0x0000000100000000, 0x0000000100000000)
  eden space 186880K, 0% used [0x00000000eab00000,0x00000000eab00000,0x00000000f6180000)
  from space 75776K, 73% used [0x00000000f6180000,0x00000000f97ba068,0x00000000fab80000)
  to   space 81408K, 0% used [0x00000000fb080000,0x00000000fb080000,0x0000000100000000)
 ParOldGen       total 443392K, used 397227K [0x00000000c0000000, 0x00000000db100000, 0x00000000eab00000)
  object space 443392K, 89% used [0x00000000c0000000,0x00000000d83ead10,0x00000000db100000)
 Metaspace       used 28728K, capacity 29772K, committed 29952K, reserved 1075200K
  class space    used 3302K, capacity 3728K, committed 3840K, reserved 1048576K
Event: 811.817 GC heap after
Heap after GC invocations=49 (full 6):
 PSYoungGen      total 262656K, used 7297K [0x00000000eab00000, 0x0000000100000000, 0x0000000100000000)
  eden space 186880K, 0% used [0x00000000eab00000,0x00000000eab00000,0x00000000f6180000)
  from space 75776K, 9% used [0x00000000f6180000,0x00000000f68a0410,0x00000000fab80000)
  to   space 81408K, 0% used [0x00000000fb080000,0x00000000fb080000,0x0000000100000000)
 ParOldGen       total 657920K, used 442972K [0x00000000c0000000, 0x00000000e8280000, 0x00000000eab00000)
  object space 657920K, 67% used [0x00000000c0000000,0x00000000db097000,0x00000000e8280000)
 Metaspace       used 28499K, capacity 29392K, committed 29952K, reserved 1075200K
  class space    used 3216K, capacity 3566K, committed 3840K, reserved 1048576K
}

